* using log directory 'G:/praca_doktorska/dspace/..Rcheck'
* using R version 3.4.3 (2017-11-30)
* using platform: x86_64-w64-mingw32 (64-bit)
* using session charset: CP1250
* using option '--as-cran'
* checking for file './DESCRIPTION' ... OK
* checking extension type ... Package
* this is package 'dspace' version '1.0.0'
* package encoding: UTF-8
* checking CRAN incoming feasibility ... NOTE
Maintainer: 'Adam Dabrowski <adam.dabrowski@amu.edu.pl>'

New submission

Non-FOSS package license (What license is it under?)

The Title field should be in title case, current version then in title case:
'Dividing space - Data driven segementation of spatial data'
'Dividing Space - Data Driven Segementation of Spatial Data'

The build time stamp is missing.
* checking package namespace information ... OK
* checking package dependencies ... OK
* checking if this is a source package ... OK
* checking if there is a namespace ... OK
* checking for .dll and .exe files ... OK
* checking for hidden files and directories ... NOTE
Found the following hidden files and directories:
  .gitignore
  ..Rcheck
  .Rproj.user
  .git
These were most likely included in error. See section 'Package
structure' in the 'Writing R Extensions' manual.

CRAN-pack does not know about
  ..Rcheck
  .git
* checking for portable file names ... OK
* checking whether package 'dspace' can be installed ... OK
* checking package directory ... OK
* checking DESCRIPTION meta-information ... WARNING
Non-standard license specification:
  What license is it under?
Standardizable: FALSE
Checking should be performed on sources prepared by 'R CMD build'.
* checking top-level files ... NOTE
Non-standard file/directory found at top level:
  'ds.Rproj'
* checking for left-over files ... OK
* checking index information ... OK
* checking package subdirectories ... WARNING
Found the following directory with the name of a check directory:
  ./..Rcheck
Most likely, these were included erroneously.
Found the following directory with the name of a version control directory:
  ./.git
These should not be in a package tarball.
* checking R files for non-ASCII characters ... OK
* checking R files for syntax errors ... OK
* checking whether the package can be loaded ... OK
* checking whether the package can be loaded with stated dependencies ... OK
* checking whether the package can be unloaded cleanly ... OK
* checking whether the namespace can be loaded with stated dependencies ... OK
* checking whether the namespace can be unloaded cleanly ... OK
* checking loading without being on the library search path ... OK
* checking use of S3 registration ... OK
* checking dependencies in R code ... OK
* checking S3 generic/method consistency ... OK
* checking replacement functions ... OK
* checking foreign function calls ... OK
* checking R code for possible problems ... NOTE
accuracy_ds: no visible global function definition for 'complete.cases'
accuracy_ds: no visible global function definition for 'capture.output'
accuracy_ds: warning in trainControl(n = 5, method = "cv", verboseIter
  = TRUEs): czêœciowa zgodnoœæ pomiêdzy argumentami 'n' oraz 'number'
accuracy_ds: no visible binding for global variable 'TRUEs'
build_graph: no visible binding for global variable 'value'
prepare_points: no visible global function definition for 'as'
prepare_points: no visible global function definition for 'coordinates'
prepare_polygons: no visible global function definition for 'as'
Undefined global functions or variables:
  TRUEs as capture.output complete.cases coordinates value
Consider adding
  importFrom("methods", "as")
  importFrom("stats", "complete.cases")
  importFrom("utils", "capture.output")
to your NAMESPACE file (and ensure that your DESCRIPTION Imports field
contains 'methods').
* checking Rd files ... OK
* checking Rd metadata ... OK
* checking Rd line widths ... OK
* checking Rd cross-references ... OK
* checking for missing documentation entries ... OK
* checking for code/documentation mismatches ... OK
* checking Rd \usage sections ... WARNING
Undocumented arguments in documentation object 'points_ds'
  'queen'

Undocumented arguments in documentation object 'polygon_ds'
  'queen'

Documented arguments not in \usage in documentation object 'prepare_points':
  'k'

Documented arguments not in \usage in documentation object 'prepare_polygons':
  'k'

Functions with \usage entries need to have the appropriate \alias
entries, and all their arguments documented.
The \usage entries must correspond to syntactically valid R code.
See chapter 'Writing R documentation files' in the 'Writing R
Extensions' manual.
* checking Rd contents ... OK
* checking for unstated dependencies in examples ... OK
* checking examples ... ERROR
Running examples in 'dspace-Ex.R' failed
The error most likely occurred in:

> base::assign(".ptime", proc.time(), pos = "CheckExEnv")
> ### Name: polygon_ds
> ### Title: polygon_ds
> ### Aliases: polygon_ds
> 
> ### ** Examples
> 
>  data("World",package = "tmap")
>  world<- filter(World,!is.na(World$lifeExp))
Error in data.matrix(data) : 
  (list) object cannot be coerced to type 'double'
Calls: filter -> as.ts -> as.ts.default -> ts -> data.matrix
Execution halted
* checking for unstated dependencies in 'tests' ... WARNING
'library' or 'require' call not declared from: 'ds'
* checking tests ... ERROR
  Running 'testthat.R'
Running the tests in 'tests/testthat.R' failed.
Complete output:
  > library(testthat)
  Warning message:
  package 'testthat' was built under R version 3.4.4 
  > library(ds)
  Error in library(ds) : there is no package called 'ds'
  Execution halted
* checking PDF version of manual ... OK
* DONE
Status: 2 ERRORs, 4 WARNINGs, 4 NOTEs
