Hmm ... looks like a package
This is pdfTeX, Version 3.14159265-2.6-1.40.20 (TeX Live 2019/W32TeX) (preloaded format=pdflatex)
 restricted \write18 enabled.
entering extended mode
(./Rd2.tex
LaTeX2e <2018-12-01>

(c:/Users/Adam/AppData/Roaming/TinyTeX/texmf-dist/tex/latex/base/book.cls
Document Class: book 2018/09/03 v1.4i Standard LaTeX document class
(c:/Users/Adam/AppData/Roaming/TinyTeX/texmf-dist/tex/latex/base/bk10.clo))
(c:/Program Files/R/R-3.4.3/share/texmf/tex/latex/Rd.sty
(c:/Users/Adam/AppData/Roaming/TinyTeX/texmf-dist/tex/latex/base/ifthen.sty)
(c:/Users/Adam/AppData/Roaming/TinyTeX/texmf-dist/tex/latex/tools/longtable.sty
) (c:/Users/Adam/AppData/Roaming/TinyTeX/texmf-dist/tex/latex/tools/bm.sty)
(c:/Users/Adam/AppData/Roaming/TinyTeX/texmf-dist/tex/latex/base/alltt.sty)
(c:/Users/Adam/AppData/Roaming/TinyTeX/texmf-dist/tex/latex/tools/verbatim.sty)
 (c:/Users/Adam/AppData/Roaming/TinyTeX/texmf-dist/tex/latex/url/url.sty)
(c:/Users/Adam/AppData/Roaming/TinyTeX/texmf-dist/tex/latex/base/textcomp.sty
(c:/Users/Adam/AppData/Roaming/TinyTeX/texmf-dist/tex/latex/base/ts1enc.def
(c:/Users/Adam/AppData/Roaming/TinyTeX/texmf-dist/tex/latex/base/ts1enc.dfu)))
(c:/Users/Adam/AppData/Roaming/TinyTeX/texmf-dist/tex/latex/inconsolata/zi4.sty
`inconsolata-zi4' v1.112, 2017/01/04 Text macros for Inconsolata (msharpe)
(c:/Users/Adam/AppData/Roaming/TinyTeX/texmf-dist/tex/latex/xkeyval/xkeyval.sty

(c:/Users/Adam/AppData/Roaming/TinyTeX/texmf-dist/tex/generic/xkeyval/xkeyval.t
ex
(c:/Users/Adam/AppData/Roaming/TinyTeX/texmf-dist/tex/generic/xkeyval/xkvutils.
tex
(c:/Users/Adam/AppData/Roaming/TinyTeX/texmf-dist/tex/generic/xkeyval/keyval.te
x)))))
(c:/Users/Adam/AppData/Roaming/TinyTeX/texmf-dist/tex/latex/graphics/color.sty
(c:/Users/Adam/AppData/Roaming/TinyTeX/texmf-dist/tex/latex/graphics-cfg/color.
cfg)
(c:/Users/Adam/AppData/Roaming/TinyTeX/texmf-dist/tex/latex/graphics-def/pdftex
.def))
(c:/Users/Adam/AppData/Roaming/TinyTeX/texmf-dist/tex/latex/hyperref/hyperref.s
ty
(c:/Users/Adam/AppData/Roaming/TinyTeX/texmf-dist/tex/generic/oberdiek/hobsub-h
yperref.sty
(c:/Users/Adam/AppData/Roaming/TinyTeX/texmf-dist/tex/generic/oberdiek/hobsub-g
eneric.sty))
(c:/Users/Adam/AppData/Roaming/TinyTeX/texmf-dist/tex/generic/ifxetex/ifxetex.s
ty)
(c:/Users/Adam/AppData/Roaming/TinyTeX/texmf-dist/tex/latex/oberdiek/auxhook.st
y)
(c:/Users/Adam/AppData/Roaming/TinyTeX/texmf-dist/tex/latex/oberdiek/kvoptions.
sty)
(c:/Users/Adam/AppData/Roaming/TinyTeX/texmf-dist/tex/latex/hyperref/pd1enc.def
)
(c:/Users/Adam/AppData/Roaming/TinyTeX/texmf-dist/tex/latex/latexconfig/hyperre
f.cfg))
(c:/Users/Adam/AppData/Roaming/TinyTeX/texmf-dist/tex/latex/hyperref/hpdftex.de
f
(c:/Users/Adam/AppData/Roaming/TinyTeX/texmf-dist/tex/latex/oberdiek/rerunfilec
heck.sty))

Package hyperref Warning: Option `hyperindex' has already been used,
(hyperref)                setting the option has no effect on input line 366.


Package hyperref Warning: Option `pagebackref' has already been used,
(hyperref)                setting the option has no effect on input line 366.

) (c:/Users/Adam/AppData/Roaming/TinyTeX/texmf-dist/tex/latex/base/makeidx.sty)
 (c:/Users/Adam/AppData/Roaming/TinyTeX/texmf-dist/tex/latex/base/inputenc.sty)
Writing index file Rd2.idx
No file Rd2.aux.
(c:/Users/Adam/AppData/Roaming/TinyTeX/texmf-dist/tex/latex/base/ts1cmr.fd)
(c:/Users/Adam/AppData/Roaming/TinyTeX/texmf-dist/tex/latex/hyperref/nameref.st
y
(c:/Users/Adam/AppData/Roaming/TinyTeX/texmf-dist/tex/generic/oberdiek/gettitle
string.sty))
(c:/Users/Adam/AppData/Roaming/TinyTeX/texmf-dist/tex/latex/inconsolata/ot1zi4.
fd)

LaTeX Font Warning: Font shape `OML/zi4/m/n' undefined
(Font)              using `OML/cmm/m/it' instead
(Font)              for symbol `textless' on input line 21.

[1{c:/Users/Adam/AppData/Roaming/TinyTeX/texmf-var/fonts/map/pdftex/updmap/pdft
ex.map}] [2]
Overfull \hbox (7.27391pt too wide) in paragraph at lines 116--124
\OT1/cmr/m/n/10 clidean", "max-i-mum", "man-hat-tan", "can-berra", "bi-nary" or
 "minkowisk",
[3]
Overfull \hbox (7.27391pt too wide) in paragraph at lines 227--235
\OT1/cmr/m/n/10 clidean", "max-i-mum", "man-hat-tan", "can-berra", "bi-nary" or
 "minkowisk",
[4] [5]
Overfull \hbox (7.27391pt too wide) in paragraph at lines 291--299
\OT1/cmr/m/n/10 clidean", "max-i-mum", "man-hat-tan", "can-berra", "bi-nary" or
 "minkowisk",

Overfull \hbox (2.26555pt too wide) in paragraph at lines 326--326
 [] \OT1/zi4/m/n/9 world$class<-polygon_ds(world,data=c(9,10),k=7,style="B",dis
joint = T,plot=T,n.neigh = 6)[] 
[6]
Overfull \hbox (8.61502pt too wide) in paragraph at lines 364--365
[]\OT1/cmr/m/n/10 Prepares poly-gons for re-gion-al-iza-tion - changes sim-plea
 fea-tures to SpatailPoly-gons-DataFrame
No file Rd2.ind.
[7] (./Rd2.aux)

Package rerunfilecheck Warning: File `Rd2.out' has changed.
(rerunfilecheck)                Rerun to get outlines right
(rerunfilecheck)                or use package `bookmark'.


LaTeX Font Warning: Some font shapes were not available, defaults substituted.

 )
(see the transcript file for additional information){c:/Users/Adam/AppData/Roam
ing/TinyTeX/texmf-dist/fonts/enc/dvips/inconsolata/i4-ot1-0.enc}<c:/Users/Adam/
AppData/Roaming/TinyTeX/texmf-dist/fonts/type1/public/inconsolata/Inconsolata-z
i4r.pfb><c:/Users/Adam/AppData/Roaming/TinyTeX/texmf-dist/fonts/type1/public/am
sfonts/cm/cmbx10.pfb><c:/Users/Adam/AppData/Roaming/TinyTeX/texmf-dist/fonts/ty
pe1/public/amsfonts/cm/cmbx12.pfb><c:/Users/Adam/AppData/Roaming/TinyTeX/texmf-
dist/fonts/type1/public/amsfonts/cm/cmmi10.pfb><c:/Users/Adam/AppData/Roaming/T
inyTeX/texmf-dist/fonts/type1/public/amsfonts/cm/cmr10.pfb><c:/Users/Adam/AppDa
ta/Roaming/TinyTeX/texmf-dist/fonts/type1/public/amsfonts/cm/cmr12.pfb><c:/User
s/Adam/AppData/Roaming/TinyTeX/texmf-dist/fonts/type1/public/amsfonts/cm/cmsl10
.pfb><c:/Users/Adam/AppData/Roaming/TinyTeX/texmf-dist/fonts/type1/public/amsfo
nts/cm/cmss12.pfb><c:/Users/Adam/AppData/Roaming/TinyTeX/texmf-dist/fonts/type1
/public/amsfonts/cm/cmti10.pfb>
Output written on Rd2.pdf (7 pages, 128384 bytes).
Transcript written on Rd2.log.
This is makeindex, version 2.15 [TeX Live 2019/W32TeX] (kpathsea + Thai support).
Scanning input file Rd2.idx....done (9 entries accepted, 0 rejected).
Sorting entries....done (27 comparisons).
Generating output file Rd2.ind....done (22 lines written, 0 warnings).
Output written in Rd2.ind.
Transcript written in Rd2.ilg.
This is pdfTeX, Version 3.14159265-2.6-1.40.20 (TeX Live 2019/W32TeX) (preloaded format=pdflatex)
 restricted \write18 enabled.
entering extended mode
(./Rd2.tex
LaTeX2e <2018-12-01>

(c:/Users/Adam/AppData/Roaming/TinyTeX/texmf-dist/tex/latex/base/book.cls
Document Class: book 2018/09/03 v1.4i Standard LaTeX document class
(c:/Users/Adam/AppData/Roaming/TinyTeX/texmf-dist/tex/latex/base/bk10.clo))
(c:/Program Files/R/R-3.4.3/share/texmf/tex/latex/Rd.sty
(c:/Users/Adam/AppData/Roaming/TinyTeX/texmf-dist/tex/latex/base/ifthen.sty)
(c:/Users/Adam/AppData/Roaming/TinyTeX/texmf-dist/tex/latex/tools/longtable.sty
) (c:/Users/Adam/AppData/Roaming/TinyTeX/texmf-dist/tex/latex/tools/bm.sty)
(c:/Users/Adam/AppData/Roaming/TinyTeX/texmf-dist/tex/latex/base/alltt.sty)
(c:/Users/Adam/AppData/Roaming/TinyTeX/texmf-dist/tex/latex/tools/verbatim.sty)
 (c:/Users/Adam/AppData/Roaming/TinyTeX/texmf-dist/tex/latex/url/url.sty)
(c:/Users/Adam/AppData/Roaming/TinyTeX/texmf-dist/tex/latex/base/textcomp.sty
(c:/Users/Adam/AppData/Roaming/TinyTeX/texmf-dist/tex/latex/base/ts1enc.def
(c:/Users/Adam/AppData/Roaming/TinyTeX/texmf-dist/tex/latex/base/ts1enc.dfu)))
(c:/Users/Adam/AppData/Roaming/TinyTeX/texmf-dist/tex/latex/inconsolata/zi4.sty
`inconsolata-zi4' v1.112, 2017/01/04 Text macros for Inconsolata (msharpe)
(c:/Users/Adam/AppData/Roaming/TinyTeX/texmf-dist/tex/latex/xkeyval/xkeyval.sty

(c:/Users/Adam/AppData/Roaming/TinyTeX/texmf-dist/tex/generic/xkeyval/xkeyval.t
ex
(c:/Users/Adam/AppData/Roaming/TinyTeX/texmf-dist/tex/generic/xkeyval/xkvutils.
tex
(c:/Users/Adam/AppData/Roaming/TinyTeX/texmf-dist/tex/generic/xkeyval/keyval.te
x)))))
(c:/Users/Adam/AppData/Roaming/TinyTeX/texmf-dist/tex/latex/graphics/color.sty
(c:/Users/Adam/AppData/Roaming/TinyTeX/texmf-dist/tex/latex/graphics-cfg/color.
cfg)
(c:/Users/Adam/AppData/Roaming/TinyTeX/texmf-dist/tex/latex/graphics-def/pdftex
.def))
(c:/Users/Adam/AppData/Roaming/TinyTeX/texmf-dist/tex/latex/hyperref/hyperref.s
ty
(c:/Users/Adam/AppData/Roaming/TinyTeX/texmf-dist/tex/generic/oberdiek/hobsub-h
yperref.sty
(c:/Users/Adam/AppData/Roaming/TinyTeX/texmf-dist/tex/generic/oberdiek/hobsub-g
eneric.sty))
(c:/Users/Adam/AppData/Roaming/TinyTeX/texmf-dist/tex/generic/ifxetex/ifxetex.s
ty)
(c:/Users/Adam/AppData/Roaming/TinyTeX/texmf-dist/tex/latex/oberdiek/auxhook.st
y)
(c:/Users/Adam/AppData/Roaming/TinyTeX/texmf-dist/tex/latex/oberdiek/kvoptions.
sty)
(c:/Users/Adam/AppData/Roaming/TinyTeX/texmf-dist/tex/latex/hyperref/pd1enc.def
)
(c:/Users/Adam/AppData/Roaming/TinyTeX/texmf-dist/tex/latex/latexconfig/hyperre
f.cfg))
(c:/Users/Adam/AppData/Roaming/TinyTeX/texmf-dist/tex/latex/hyperref/hpdftex.de
f
(c:/Users/Adam/AppData/Roaming/TinyTeX/texmf-dist/tex/latex/oberdiek/rerunfilec
heck.sty))

Package hyperref Warning: Option `hyperindex' has already been used,
(hyperref)                setting the option has no effect on input line 366.


Package hyperref Warning: Option `pagebackref' has already been used,
(hyperref)                setting the option has no effect on input line 366.

) (c:/Users/Adam/AppData/Roaming/TinyTeX/texmf-dist/tex/latex/base/makeidx.sty)
 (c:/Users/Adam/AppData/Roaming/TinyTeX/texmf-dist/tex/latex/base/inputenc.sty)
Writing index file Rd2.idx
(./Rd2.aux)
(c:/Users/Adam/AppData/Roaming/TinyTeX/texmf-dist/tex/latex/base/ts1cmr.fd)
(c:/Users/Adam/AppData/Roaming/TinyTeX/texmf-dist/tex/latex/hyperref/nameref.st
y
(c:/Users/Adam/AppData/Roaming/TinyTeX/texmf-dist/tex/generic/oberdiek/gettitle
string.sty)) (./Rd2.out) (./Rd2.out)
(c:/Users/Adam/AppData/Roaming/TinyTeX/texmf-dist/tex/latex/inconsolata/ot1zi4.
fd)

LaTeX Font Warning: Font shape `OML/zi4/m/n' undefined
(Font)              using `OML/cmm/m/it' instead
(Font)              for symbol `textless' on input line 21.

(./Rd2.toc) [1{c:/Users/Adam/AppData/Roaming/TinyTeX/texmf-var/fonts/map/pdftex
/updmap/pdftex.map}] [2]
Overfull \hbox (7.27391pt too wide) in paragraph at lines 116--124
\OT1/cmr/m/n/10 clidean", "max-i-mum", "man-hat-tan", "can-berra", "bi-nary" or
 "minkowisk",
[3] [4]
Overfull \hbox (7.27391pt too wide) in paragraph at lines 227--235
\OT1/cmr/m/n/10 clidean", "max-i-mum", "man-hat-tan", "can-berra", "bi-nary" or
 "minkowisk",
[5]
Overfull \hbox (7.27391pt too wide) in paragraph at lines 291--299
\OT1/cmr/m/n/10 clidean", "max-i-mum", "man-hat-tan", "can-berra", "bi-nary" or
 "minkowisk",
[6]
Overfull \hbox (2.26555pt too wide) in paragraph at lines 326--326
 [] \OT1/zi4/m/n/9 world$class<-polygon_ds(world,data=c(9,10),k=7,style="B",dis
joint = T,plot=T,n.neigh = 6)[] 

Overfull \hbox (8.61502pt too wide) in paragraph at lines 364--365
[]\OT1/cmr/m/n/10 Prepares poly-gons for re-gion-al-iza-tion - changes sim-plea
 fea-tures to SpatailPoly-gons-DataFrame
[7] (./Rd2.ind [8] [9]) (./Rd2.aux)

Package rerunfilecheck Warning: File `Rd2.out' has changed.
(rerunfilecheck)                Rerun to get outlines right
(rerunfilecheck)                or use package `bookmark'.


LaTeX Font Warning: Some font shapes were not available, defaults substituted.

 )
(see the transcript file for additional information){c:/Users/Adam/AppData/Roam
ing/TinyTeX/texmf-dist/fonts/enc/dvips/inconsolata/i4-ot1-0.enc}<c:/Users/Adam/
AppData/Roaming/TinyTeX/texmf-dist/fonts/type1/public/inconsolata/Inconsolata-z
i4r.pfb><c:/Users/Adam/AppData/Roaming/TinyTeX/texmf-dist/fonts/type1/public/am
sfonts/cm/cmbx10.pfb><c:/Users/Adam/AppData/Roaming/TinyTeX/texmf-dist/fonts/ty
pe1/public/amsfonts/cm/cmbx12.pfb><c:/Users/Adam/AppData/Roaming/TinyTeX/texmf-
dist/fonts/type1/public/amsfonts/cm/cmmi10.pfb><c:/Users/Adam/AppData/Roaming/T
inyTeX/texmf-dist/fonts/type1/public/amsfonts/cm/cmr10.pfb><c:/Users/Adam/AppDa
ta/Roaming/TinyTeX/texmf-dist/fonts/type1/public/amsfonts/cm/cmr12.pfb><c:/User
s/Adam/AppData/Roaming/TinyTeX/texmf-dist/fonts/type1/public/amsfonts/cm/cmsl10
.pfb><c:/Users/Adam/AppData/Roaming/TinyTeX/texmf-dist/fonts/type1/public/amsfo
nts/cm/cmss12.pfb><c:/Users/Adam/AppData/Roaming/TinyTeX/texmf-dist/fonts/type1
/public/amsfonts/cm/cmti10.pfb>
Output written on Rd2.pdf (9 pages, 131930 bytes).
Transcript written on Rd2.log.
This is makeindex, version 2.15 [TeX Live 2019/W32TeX] (kpathsea + Thai support).
Scanning input file Rd2.idx....done (9 entries accepted, 0 rejected).
Sorting entries....done (27 comparisons).
Generating output file Rd2.ind....done (22 lines written, 0 warnings).
Output written in Rd2.ind.
Transcript written in Rd2.ilg.
This is pdfTeX, Version 3.14159265-2.6-1.40.20 (TeX Live 2019/W32TeX) (preloaded format=pdflatex)
 restricted \write18 enabled.
entering extended mode
(./Rd2.tex
LaTeX2e <2018-12-01>

(c:/Users/Adam/AppData/Roaming/TinyTeX/texmf-dist/tex/latex/base/book.cls
Document Class: book 2018/09/03 v1.4i Standard LaTeX document class
(c:/Users/Adam/AppData/Roaming/TinyTeX/texmf-dist/tex/latex/base/bk10.clo))
(c:/Program Files/R/R-3.4.3/share/texmf/tex/latex/Rd.sty
(c:/Users/Adam/AppData/Roaming/TinyTeX/texmf-dist/tex/latex/base/ifthen.sty)
(c:/Users/Adam/AppData/Roaming/TinyTeX/texmf-dist/tex/latex/tools/longtable.sty
) (c:/Users/Adam/AppData/Roaming/TinyTeX/texmf-dist/tex/latex/tools/bm.sty)
(c:/Users/Adam/AppData/Roaming/TinyTeX/texmf-dist/tex/latex/base/alltt.sty)
(c:/Users/Adam/AppData/Roaming/TinyTeX/texmf-dist/tex/latex/tools/verbatim.sty)
 (c:/Users/Adam/AppData/Roaming/TinyTeX/texmf-dist/tex/latex/url/url.sty)
(c:/Users/Adam/AppData/Roaming/TinyTeX/texmf-dist/tex/latex/base/textcomp.sty
(c:/Users/Adam/AppData/Roaming/TinyTeX/texmf-dist/tex/latex/base/ts1enc.def
(c:/Users/Adam/AppData/Roaming/TinyTeX/texmf-dist/tex/latex/base/ts1enc.dfu)))
(c:/Users/Adam/AppData/Roaming/TinyTeX/texmf-dist/tex/latex/inconsolata/zi4.sty
`inconsolata-zi4' v1.112, 2017/01/04 Text macros for Inconsolata (msharpe)
(c:/Users/Adam/AppData/Roaming/TinyTeX/texmf-dist/tex/latex/xkeyval/xkeyval.sty

(c:/Users/Adam/AppData/Roaming/TinyTeX/texmf-dist/tex/generic/xkeyval/xkeyval.t
ex
(c:/Users/Adam/AppData/Roaming/TinyTeX/texmf-dist/tex/generic/xkeyval/xkvutils.
tex
(c:/Users/Adam/AppData/Roaming/TinyTeX/texmf-dist/tex/generic/xkeyval/keyval.te
x)))))
(c:/Users/Adam/AppData/Roaming/TinyTeX/texmf-dist/tex/latex/graphics/color.sty
(c:/Users/Adam/AppData/Roaming/TinyTeX/texmf-dist/tex/latex/graphics-cfg/color.
cfg)
(c:/Users/Adam/AppData/Roaming/TinyTeX/texmf-dist/tex/latex/graphics-def/pdftex
.def))
(c:/Users/Adam/AppData/Roaming/TinyTeX/texmf-dist/tex/latex/hyperref/hyperref.s
ty
(c:/Users/Adam/AppData/Roaming/TinyTeX/texmf-dist/tex/generic/oberdiek/hobsub-h
yperref.sty
(c:/Users/Adam/AppData/Roaming/TinyTeX/texmf-dist/tex/generic/oberdiek/hobsub-g
eneric.sty))
(c:/Users/Adam/AppData/Roaming/TinyTeX/texmf-dist/tex/generic/ifxetex/ifxetex.s
ty)
(c:/Users/Adam/AppData/Roaming/TinyTeX/texmf-dist/tex/latex/oberdiek/auxhook.st
y)
(c:/Users/Adam/AppData/Roaming/TinyTeX/texmf-dist/tex/latex/oberdiek/kvoptions.
sty)
(c:/Users/Adam/AppData/Roaming/TinyTeX/texmf-dist/tex/latex/hyperref/pd1enc.def
)
(c:/Users/Adam/AppData/Roaming/TinyTeX/texmf-dist/tex/latex/latexconfig/hyperre
f.cfg))
(c:/Users/Adam/AppData/Roaming/TinyTeX/texmf-dist/tex/latex/hyperref/hpdftex.de
f
(c:/Users/Adam/AppData/Roaming/TinyTeX/texmf-dist/tex/latex/oberdiek/rerunfilec
heck.sty))

Package hyperref Warning: Option `hyperindex' has already been used,
(hyperref)                setting the option has no effect on input line 366.


Package hyperref Warning: Option `pagebackref' has already been used,
(hyperref)                setting the option has no effect on input line 366.

) (c:/Users/Adam/AppData/Roaming/TinyTeX/texmf-dist/tex/latex/base/makeidx.sty)
 (c:/Users/Adam/AppData/Roaming/TinyTeX/texmf-dist/tex/latex/base/inputenc.sty)
Writing index file Rd2.idx
(./Rd2.aux)
(c:/Users/Adam/AppData/Roaming/TinyTeX/texmf-dist/tex/latex/base/ts1cmr.fd)
(c:/Users/Adam/AppData/Roaming/TinyTeX/texmf-dist/tex/latex/hyperref/nameref.st
y
(c:/Users/Adam/AppData/Roaming/TinyTeX/texmf-dist/tex/generic/oberdiek/gettitle
string.sty)) (./Rd2.out) (./Rd2.out)
(c:/Users/Adam/AppData/Roaming/TinyTeX/texmf-dist/tex/latex/inconsolata/ot1zi4.
fd)

LaTeX Font Warning: Font shape `OML/zi4/m/n' undefined
(Font)              using `OML/cmm/m/it' instead
(Font)              for symbol `textless' on input line 21.

(./Rd2.toc) [1{c:/Users/Adam/AppData/Roaming/TinyTeX/texmf-var/fonts/map/pdftex
/updmap/pdftex.map}] [2]
Overfull \hbox (7.27391pt too wide) in paragraph at lines 116--124
\OT1/cmr/m/n/10 clidean", "max-i-mum", "man-hat-tan", "can-berra", "bi-nary" or
 "minkowisk",
[3] [4]
Overfull \hbox (7.27391pt too wide) in paragraph at lines 227--235
\OT1/cmr/m/n/10 clidean", "max-i-mum", "man-hat-tan", "can-berra", "bi-nary" or
 "minkowisk",
[5]
Overfull \hbox (7.27391pt too wide) in paragraph at lines 291--299
\OT1/cmr/m/n/10 clidean", "max-i-mum", "man-hat-tan", "can-berra", "bi-nary" or
 "minkowisk",
[6]
Overfull \hbox (2.26555pt too wide) in paragraph at lines 326--326
 [] \OT1/zi4/m/n/9 world$class<-polygon_ds(world,data=c(9,10),k=7,style="B",dis
joint = T,plot=T,n.neigh = 6)[] 

Overfull \hbox (8.61502pt too wide) in paragraph at lines 364--365
[]\OT1/cmr/m/n/10 Prepares poly-gons for re-gion-al-iza-tion - changes sim-plea
 fea-tures to SpatailPoly-gons-DataFrame
[7] (./Rd2.ind [8] [9]) (./Rd2.aux)

LaTeX Font Warning: Some font shapes were not available, defaults substituted.

 )
(see the transcript file for additional information){c:/Users/Adam/AppData/Roam
ing/TinyTeX/texmf-dist/fonts/enc/dvips/inconsolata/i4-ot1-0.enc}<c:/Users/Adam/
AppData/Roaming/TinyTeX/texmf-dist/fonts/type1/public/inconsolata/Inconsolata-z
i4r.pfb><c:/Users/Adam/AppData/Roaming/TinyTeX/texmf-dist/fonts/type1/public/am
sfonts/cm/cmbx10.pfb><c:/Users/Adam/AppData/Roaming/TinyTeX/texmf-dist/fonts/ty
pe1/public/amsfonts/cm/cmbx12.pfb><c:/Users/Adam/AppData/Roaming/TinyTeX/texmf-
dist/fonts/type1/public/amsfonts/cm/cmmi10.pfb><c:/Users/Adam/AppData/Roaming/T
inyTeX/texmf-dist/fonts/type1/public/amsfonts/cm/cmr10.pfb><c:/Users/Adam/AppDa
ta/Roaming/TinyTeX/texmf-dist/fonts/type1/public/amsfonts/cm/cmr12.pfb><c:/User
s/Adam/AppData/Roaming/TinyTeX/texmf-dist/fonts/type1/public/amsfonts/cm/cmsl10
.pfb><c:/Users/Adam/AppData/Roaming/TinyTeX/texmf-dist/fonts/type1/public/amsfo
nts/cm/cmss12.pfb><c:/Users/Adam/AppData/Roaming/TinyTeX/texmf-dist/fonts/type1
/public/amsfonts/cm/cmti10.pfb>
Output written on Rd2.pdf (9 pages, 132604 bytes).
Transcript written on Rd2.log.
Saving output to 'dspace-manual.pdf' ...
Done
You may want to clean up by 'rm -rf C:/Users/Adam/AppData/Local/Temp/RtmpcjnUhG/Rd2pdf3724139d11d4'
